<?xml version="1.0" encoding="UTF-8"?>
<coverage generated="1773662584248" clover="3.2.0">
  <project timestamp="1773662584248" name="All files">
    <metrics statements="47" coveredstatements="42" conditionals="75" coveredconditionals="59" methods="23" coveredmethods="22" elements="145" coveredelements="123" complexity="0" loc="47" ncloc="47" packages="1" files="1" classes="1"/>
    <file name="index.js" path="/home/dak/dev/github/js-client/src/index.js">
      <metrics statements="47" coveredstatements="42" conditionals="75" coveredconditionals="59" methods="23" coveredmethods="22"/>
      <line num="1" count="2" type="stmt"/>
      <line num="6" count="2" type="stmt"/>
      <line num="9" count="2" type="stmt"/>
      <line num="10" count="2" type="stmt"/>
      <line num="11" count="2" type="cond" truecount="1" falsecount="1"/>
      <line num="12" count="0" type="stmt"/>
      <line num="14" count="2" type="cond" truecount="2" falsecount="0"/>
      <line num="15" count="1" type="stmt"/>
      <line num="17" count="1" type="stmt"/>
      <line num="18" count="1" type="cond" truecount="1" falsecount="1"/>
      <line num="19" count="1" type="stmt"/>
      <line num="22" count="0" type="stmt"/>
      <line num="30" count="11" type="stmt"/>
      <line num="31" count="11" type="stmt"/>
      <line num="36" count="13" type="stmt"/>
      <line num="37" count="13" type="stmt"/>
      <line num="38" count="13" type="stmt"/>
      <line num="39" count="13" type="stmt"/>
      <line num="40" count="13" type="stmt"/>
      <line num="46" count="13" type="stmt"/>
      <line num="48" count="0" type="cond" truecount="0" falsecount="2"/>
      <line num="49" count="0" type="stmt"/>
      <line num="54" count="11" type="stmt"/>
      <line num="58" count="4" type="cond" truecount="2" falsecount="0"/>
      <line num="62" count="3" type="stmt"/>
      <line num="66" count="3" type="cond" truecount="1" falsecount="1"/>
      <line num="70" count="2" type="stmt"/>
      <line num="81" count="3" type="cond" truecount="1" falsecount="1"/>
      <line num="92" count="3" type="stmt"/>
      <line num="96" count="3" type="cond" truecount="1" falsecount="1"/>
      <line num="100" count="1" type="stmt"/>
      <line num="104" count="3" type="cond" truecount="1" falsecount="1"/>
      <line num="108" count="1" type="stmt"/>
      <line num="112" count="3" type="cond" truecount="1" falsecount="1"/>
      <line num="116" count="1" type="stmt"/>
      <line num="120" count="0" type="stmt"/>
      <line num="124" count="3" type="cond" truecount="1" falsecount="1"/>
      <line num="128" count="1" type="stmt"/>
      <line num="132" count="3" type="cond" truecount="1" falsecount="1"/>
      <line num="136" count="3" type="cond" truecount="1" falsecount="1"/>
      <line num="140" count="3" type="stmt"/>
      <line num="144" count="43" type="cond" truecount="2" falsecount="0"/>
      <line num="145" count="1" type="stmt"/>
      <line num="147" count="42" type="stmt"/>
      <line num="148" count="42" type="cond" truecount="4" falsecount="0"/>
      <line num="149" count="41" type="stmt"/>
      <line num="152" count="1" type="stmt"/>
    </file>
  </project>
</coverage>
