TN:
SF:src/index.js
FN:8,fetchOwnerCompany
FN:25,readEntityView
FN:35,fetchJson
FN:53,entityContext
FN:57,textValue
FN:61,textItem
FN:65,markdownValue
FN:69,markdownItem
FN:80,templateValue
FN:91,templateItem
FN:95,dateTimeValue
FN:99,dateTimeItem
FN:103,doubleValue
FN:107,doubleItem
FN:111,booleanValue
FN:115,booleanItem
FN:119,imageItem
FN:123,longValue
FN:127,longItem
FN:131,latitudeValue
FN:135,longitudeValue
FN:139,latLongItem
FN:143,item
FNF:23
FNH:22
FNDA:2,fetchOwnerCompany
FNDA:11,readEntityView
FNDA:13,fetchJson
FNDA:11,entityContext
FNDA:4,textValue
FNDA:3,textItem
FNDA:3,markdownValue
FNDA:2,markdownItem
FNDA:3,templateValue
FNDA:3,templateItem
FNDA:3,dateTimeValue
FNDA:1,dateTimeItem
FNDA:3,doubleValue
FNDA:1,doubleItem
FNDA:3,booleanValue
FNDA:1,booleanItem
FNDA:0,imageItem
FNDA:3,longValue
FNDA:1,longItem
FNDA:3,latitudeValue
FNDA:3,longitudeValue
FNDA:3,latLongItem
FNDA:43,item
DA:1,2
DA:6,2
DA:9,2
DA:10,2
DA:11,2
DA:12,0
DA:14,2
DA:15,1
DA:17,1
DA:18,1
DA:19,1
DA:22,0
DA:30,11
DA:31,11
DA:36,13
DA:37,13
DA:38,13
DA:39,13
DA:40,13
DA:46,13
DA:48,0
DA:49,0
DA:54,11
DA:58,4
DA:62,3
DA:66,3
DA:70,2
DA:81,3
DA:92,3
DA:96,3
DA:100,1
DA:104,3
DA:108,1
DA:112,3
DA:116,1
DA:120,0
DA:124,3
DA:128,1
DA:132,3
DA:136,3
DA:140,3
DA:144,43
DA:145,1
DA:147,42
DA:148,42
DA:149,41
DA:152,1
LF:47
LH:42
BRDA:11,0,0,0
BRDA:11,0,1,2
BRDA:14,1,0,1
BRDA:14,1,1,1
BRDA:18,2,0,1
BRDA:18,2,1,0
BRDA:25,3,0,11
BRDA:35,4,0,13
BRDA:35,5,0,13
BRDA:35,6,0,13
BRDA:44,7,0,0
BRDA:44,7,1,13
BRDA:48,8,0,0
BRDA:48,8,1,0
BRDA:57,9,0,4
BRDA:57,10,0,4
BRDA:58,11,0,4
BRDA:58,11,1,2
BRDA:61,12,0,3
BRDA:61,13,0,3
BRDA:65,14,0,3
BRDA:65,15,0,3
BRDA:66,16,0,3
BRDA:66,16,1,0
BRDA:69,17,0,2
BRDA:69,18,0,2
BRDA:80,19,0,3
BRDA:80,20,0,3
BRDA:81,21,0,3
BRDA:81,21,1,0
BRDA:91,22,0,3
BRDA:91,23,0,3
BRDA:95,24,0,3
BRDA:95,25,0,3
BRDA:96,26,0,3
BRDA:96,26,1,0
BRDA:99,27,0,1
BRDA:99,28,0,1
BRDA:103,29,0,3
BRDA:103,30,0,3
BRDA:104,31,0,3
BRDA:104,31,1,0
BRDA:107,32,0,1
BRDA:107,33,0,1
BRDA:111,34,0,3
BRDA:111,35,0,3
BRDA:112,36,0,3
BRDA:112,36,1,0
BRDA:115,37,0,1
BRDA:115,38,0,1
BRDA:119,39,0,0
BRDA:119,40,0,0
BRDA:123,41,0,3
BRDA:123,42,0,3
BRDA:124,43,0,3
BRDA:124,43,1,0
BRDA:127,44,0,1
BRDA:127,45,0,1
BRDA:131,46,0,3
BRDA:131,47,0,3
BRDA:132,48,0,3
BRDA:132,48,1,0
BRDA:135,49,0,3
BRDA:135,50,0,3
BRDA:136,51,0,3
BRDA:136,51,1,0
BRDA:139,52,0,3
BRDA:139,53,0,3
BRDA:143,54,0,0
BRDA:144,55,0,1
BRDA:144,55,1,42
BRDA:148,56,0,41
BRDA:148,56,1,1
BRDA:148,57,0,42
BRDA:148,57,1,41
BRF:75
BRH:59
end_of_record
